#
# A fatal error has been detected by the Java Runtime Environment:
#
#  EXCEPTION_ACCESS_VIOLATION (0xc0000005) at pc=0x0000000180005b6b, pid=11428, tid=24472
#
# JRE version: Java(TM) SE Runtime Environment (8.0_25-b18) (build 1.8.0_25-b18)
# Java VM: Java HotSpot(TM) 64-Bit Server VM (25.25-b02 mixed mode windows-amd64 compressed oops)
# Problematic frame:
# C  [rxtxSerial.dll+0x5b6b]
#
# Failed to write core dump. Minidumps are not enabled by default on client versions of Windows
#
# If you would like to submit a bug report, please visit:
#   http://bugreport.sun.com/bugreport/crash.jsp
# The crash happened outside the Java Virtual Machine in native code.
# See problematic frame for where to report the bug.
#

---------------  T H R E A D  ---------------

Current thread (0x000000005690e800):  JavaThread "pool-1-thread-1" [_thread_in_native, id=24472, stack(0x0000000056f90000,0x0000000057090000)]

siginfo: ExceptionCode=0xc0000005, writing address 0x0000000056deedf8

Registers:
RAX=0x00000000ffffffff, RBX=0x0000000000000000, RCX=0x0000000000000000, RDX=0x0000000000000000
RSP=0x000000005708ed70, RBP=0x00000000ffffffff, RSI=0x0000000000000009, RDI=0x0000000000000001
R8 =0x000007fffff9c000, R9 =0x0000000180000000, R10=0x0000000000000000, R11=0x0000000000000200
R12=0x0000000056deedf0, R13=0x0000000000000001, R14=0x0000000000000000, R15=0x0000000000000000
RIP=0x0000000180005b6b, EFLAGS=0x0000000000010286

Top of Stack: (sp=0x000000005708ed70)
0x000000005708ed70:   0000000000000000 0000000000000000
0x000000005708ed80:   0000000000000000 0000000000000000
0x000000005708ed90:   0000000000000000 000000005708eed0
0x000000005708eda0:   000000005708efa0 0000000000000001
0x000000005708edb0:   000000005690e9e8 0000000000000001
0x000000005708edc0:   ffffffffffffffff 0000000180006211
0x000000005708edd0:   00000000568fe810 0000000000000001
0x000000005708ede0:   0000000000000001 00000000568fe810
0x000000005708edf0:   0000000000000001 00000000ffffffff
0x000000005708ee00:   000000005708eec8 000000005690e9e8
0x000000005708ee10:   000000005708ef00 0000000180006920
0x000000005708ee20:   000000005690e9e8 000000004004667f
0x000000005708ee30:   000000005708ee40 fffffffffffff8b8
0x000000005708ee40:   0000000000000000 0000592f965d73e4
0x000000005708ee50:   000000005708ef10 000000005708efa0
0x000000005708ee60:   000000005690e800 0000000000000000 

Instructions: (pc=0x0000000180005b6b)
0x0000000180005b4b:   31 00 00 85 c0 78 33 74 06 03 d8 2b f8 eb 0a b9
0x0000000180005b5b:   e8 03 00 00 e8 1c 1c 00 00 41 3b dd 7c b7 8b c3
0x0000000180005b6b:   45 89 74 24 08 48 8b 5c 24 60 48 83 c4 20 41 5f
0x0000000180005b7b:   41 5e 41 5d 41 5c 5f 5e 5d c3 e8 1e 61 00 00 83 


Register to memory mapping:

RAX=0x00000000ffffffff is an unallocated location in the heap
RBX=0x0000000000000000 is an unknown value
RCX=0x0000000000000000 is an unknown value
RDX=0x0000000000000000 is an unknown value
RSP=0x000000005708ed70 is pointing into the stack for thread: 0x000000005690e800
RBP=0x00000000ffffffff is an unallocated location in the heap
RSI=0x0000000000000009 is an unknown value
RDI=0x0000000000000001 is an unknown value
R8 =0x000007fffff9c000 is an unknown value
R9 =0x0000000180000000 is an unknown value
R10=0x0000000000000000 is an unknown value
R11=0x0000000000000200 is an unknown value
R12=0x0000000056deedf0 is an unknown value
R13=0x0000000000000001 is an unknown value
R14=0x0000000000000000 is an unknown value
R15=0x0000000000000000 is an unknown value


Stack: [0x0000000056f90000,0x0000000057090000],  sp=0x000000005708ed70,  free space=1019k
Native frames: (J=compiled Java code, j=interpreted, Vv=VM code, C=native code)
C  [rxtxSerial.dll+0x5b6b]
C  [rxtxSerial.dll+0x6211]
C  0x000000000245069a

Java frames: (J=compiled Java code, j=interpreted, Vv=VM code)
J 106  gnu.io.RXTXPort.readArray([BII)I (0 bytes) @ 0x0000000002450614 [0x00000000024505c0+0x54]
J 150 C2 gnu.io.RXTXPort$SerialInputStream.read([B)I (149 bytes) @ 0x000000000246ecbc [0x000000000246eaa0+0x21c]
j  com.main.test.ControlServer$ConnectCom$1.run()V+73
j  java.util.concurrent.Executors$RunnableAdapter.call()Ljava/lang/Object;+4
j  java.util.concurrent.FutureTask.run()V+42
j  java.util.concurrent.ThreadPoolExecutor.runWorker(Ljava/util/concurrent/ThreadPoolExecutor$Worker;)V+95
j  java.util.concurrent.ThreadPoolExecutor$Worker.run()V+5
j  java.lang.Thread.run()V+11
v  ~StubRoutines::call_stub

---------------  P R O C E S S  ---------------

Java Threads: ( => current thread )
  0x0000000056914800 JavaThread "pool-1-thread-2" [_thread_in_native, id=22560, stack(0x00000000570c0000,0x00000000571c0000)]
=>0x000000005690e800 JavaThread "pool-1-thread-1" [_thread_in_native, id=24472, stack(0x0000000056f90000,0x0000000057090000)]
  0x000000000025e000 JavaThread "DestroyJavaVM" [_thread_blocked, id=3684, stack(0x0000000001f40000,0x0000000002040000)]
  0x000000005471a000 JavaThread "Thread-0" [_thread_in_native, id=23628, stack(0x0000000055c70000,0x0000000055d70000)]
  0x0000000054704800 JavaThread "Service Thread" daemon [_thread_blocked, id=10612, stack(0x00000000559b0000,0x0000000055ab0000)]
  0x0000000054700800 JavaThread "C1 CompilerThread1" daemon [_thread_blocked, id=10516, stack(0x00000000551c0000,0x00000000552c0000)]
  0x00000000546b7800 JavaThread "C2 CompilerThread0" daemon [_thread_blocked, id=25224, stack(0x00000000556f0000,0x00000000557f0000)]
  0x00000000546b6800 JavaThread "Attach Listener" daemon [_thread_blocked, id=5652, stack(0x00000000555a0000,0x00000000556a0000)]
  0x00000000546b5000 JavaThread "Signal Dispatcher" daemon [_thread_blocked, id=22212, stack(0x00000000553d0000,0x00000000554d0000)]
  0x0000000054657000 JavaThread "Finalizer" daemon [_thread_blocked, id=10396, stack(0x00000000552c0000,0x00000000553c0000)]
  0x000000005464e000 JavaThread "Reference Handler" daemon [_thread_blocked, id=13780, stack(0x0000000055010000,0x0000000055110000)]

Other Threads:
  0x000000005464a000 VMThread [stack: 0x0000000054ea0000,0x0000000054fa0000] [id=11544]
  0x0000000054707000 WatcherThread [stack: 0x0000000055b20000,0x0000000055c20000] [id=9832]

VM state:not at safepoint (normal execution)

VM Mutex/Monitor currently owned by a thread: None

Heap:
 PSYoungGen      total 17920K, used 3705K [0x00000000ec380000, 0x00000000ed780000, 0x0000000100000000)
  eden space 15360K, 24% used [0x00000000ec380000,0x00000000ec71e488,0x00000000ed280000)
  from space 2560K, 0% used [0x00000000ed500000,0x00000000ed500000,0x00000000ed780000)
  to   space 2560K, 0% used [0x00000000ed280000,0x00000000ed280000,0x00000000ed500000)
 ParOldGen       total 40960K, used 0K [0x00000000c4a00000, 0x00000000c7200000, 0x00000000ec380000)
  object space 40960K, 0% used [0x00000000c4a00000,0x00000000c4a00000,0x00000000c7200000)
 Metaspace       used 3463K, capacity 4728K, committed 4864K, reserved 1056768K
  class space    used 389K, capacity 424K, committed 512K, reserved 1048576K

Card table byte_map: [0x00000000116d0000,0x00000000118b0000] byte_map_base: 0x00000000110ab000

Marking Bits: (ParMarkBitMap*) 0x00000000565cd490
 Begin Bits: [0x0000000011d90000, 0x0000000012c68000)
 End Bits:   [0x0000000012c68000, 0x0000000013b40000)

Polling page: 0x00000000000a0000

CodeCache: size=245760Kb used=1398Kb max_used=1411Kb free=244361Kb
 bounds [0x0000000002310000, 0x0000000002580000, 0x0000000011310000]
 total_blobs=405 nmethods=154 adapters=166
 compilation: enabled

Compilation events (10 events):
Event: 112.686 Thread 0x00000000546b7800  150  s!   4       gnu.io.RXTXPort$SerialInputStream::read (149 bytes)
Event: 112.698 Thread 0x00000000546b7800 nmethod 150 0x000000000246e8d0 code [0x000000000246eaa0, 0x000000000246fe40]
Event: 112.698 Thread 0x00000000546b7800  151  s!   4       gnu.io.RXTXPort$SerialInputStream::read (305 bytes)
Event: 112.706 Thread 0x00000000546b7800 nmethod 151 0x000000000246abd0 code [0x000000000246ad80, 0x000000000246bb80]
Event: 112.708 Thread 0x00000000546b7800  152   !   4       java.net.Socket::getOutputStream (84 bytes)
Event: 112.711 Thread 0x00000000546b7800 nmethod 152 0x000000000246a390 code [0x000000000246a500, 0x000000000246a888]
Event: 112.729 Thread 0x00000000546b7800  153       4       java.net.SocketOutputStream::write (8 bytes)
Event: 112.733 Thread 0x00000000546b7800 nmethod 153 0x0000000002467810 code [0x0000000002467980, 0x0000000002468038]
Event: 115.298 Thread 0x00000000546b7800  154       4       java.net.Socket$3::run (5 bytes)
Event: 115.303 Thread 0x00000000546b7800 nmethod 154 0x0000000002470c90 code [0x0000000002470e00, 0x0000000002471798]

GC Heap History (0 events):
No events

Deoptimization events (0 events):
No events

Internal exceptions (10 events):
Event: 19.115 Thread 0x000000005471a000 Exception <a 'java/io/FileNotFoundException'> (0x00000000ec53a3c0) thrown at [D:\re\workspace\8-2-build-windows-amd64-cygwin\jdk8u25\1677\hotspot\src\share\vm\prims\jni.cpp, line 716]
Event: 19.117 Thread 0x000000005471a000 Exception <a 'java/security/PrivilegedActionException'> (0x00000000ec54a2a8) thrown at [D:\re\workspace\8-2-build-windows-amd64-cygwin\jdk8u25\1677\hotspot\src\share\vm\prims\jvm.cpp, line 1312]
Event: 19.118 Thread 0x000000005471a000 Exception <a 'java/security/PrivilegedActionException'> (0x00000000ec54dd50) thrown at [D:\re\workspace\8-2-build-windows-amd64-cygwin\jdk8u25\1677\hotspot\src\share\vm\prims\jvm.cpp, line 1312]
Event: 19.118 Thread 0x000000005471a000 Exception <a 'java/security/PrivilegedActionException'> (0x00000000ec552a58) thrown at [D:\re\workspace\8-2-build-windows-amd64-cygwin\jdk8u25\1677\hotspot\src\share\vm\prims\jvm.cpp, line 1312]
Event: 19.119 Thread 0x000000005471a000 Exception <a 'java/security/PrivilegedActionException'> (0x00000000ec556cf8) thrown at [D:\re\workspace\8-2-build-windows-amd64-cygwin\jdk8u25\1677\hotspot\src\share\vm\prims\jvm.cpp, line 1312]
Event: 19.157 Thread 0x000000005471a000 Exception <a 'java/security/PrivilegedActionException'> (0x00000000ec559f18) thrown at [D:\re\workspace\8-2-build-windows-amd64-cygwin\jdk8u25\1677\hotspot\src\share\vm\prims\jvm.cpp, line 1312]
Event: 19.168 Thread 0x000000005471a000 Exception <a 'java/security/PrivilegedActionException'> (0x00000000ec55dc78) thrown at [D:\re\workspace\8-2-build-windows-amd64-cygwin\jdk8u25\1677\hotspot\src\share\vm\prims\jvm.cpp, line 1312]
Event: 19.169 Thread 0x000000005471a000 Exception <a 'java/security/PrivilegedActionException'> (0x00000000ec5611b0) thrown at [D:\re\workspace\8-2-build-windows-amd64-cygwin\jdk8u25\1677\hotspot\src\share\vm\prims\jvm.cpp, line 1312]
Event: 790.934 Thread 0x0000000056914800 Exception <a 'sun/net/ConnectionResetException': > (0x00000000ec63f4c8) thrown at [D:\re\workspace\8-2-build-windows-amd64-cygwin\jdk8u25\1677\hotspot\src\share\vm\prims\jni.cpp, line 742]
Event: 790.934 Thread 0x0000000056914800 Exception <a 'sun/net/ConnectionResetException': > (0x00000000ec63f6a0) thrown at [D:\re\workspace\8-2-build-windows-amd64-cygwin\jdk8u25\1677\hotspot\src\share\vm\prims\jni.cpp, line 742]

Events (10 events):
Event: 790.937 loading class java/util/HashMap$KeySet done
Event: 790.937 loading class java/util/HashMap$KeyIterator
Event: 790.937 loading class java/util/HashMap$HashIterator
Event: 790.937 loading class java/util/HashMap$HashIterator done
Event: 790.937 loading class java/util/HashMap$KeyIterator done
Event: 790.937 Executing VM operation: RevokeBias
Event: 790.937 Executing VM operation: RevokeBias done
Event: 827.460 Executing VM operation: RevokeBias
Event: 827.460 Executing VM operation: RevokeBias done
Event: 827.464 Thread 0x0000000056910800 Thread exited: 0x0000000056910800


Dynamic libraries:
0x000000013f600000 - 0x000000013f634000 	D:\Program Files\Java\bin\javaw.exe
0x0000000077050000 - 0x00000000771fa000 	C:\Windows\SYSTEM32\ntdll.dll
0x0000000076f30000 - 0x000000007704f000 	C:\Windows\system32\kernel32.dll
0x000007fefcfd0000 - 0x000007fefd03b000 	C:\Windows\system32\KERNELBASE.dll
0x000007fefed60000 - 0x000007fefee3b000 	C:\Windows\system32\ADVAPI32.dll
0x000007fefd680000 - 0x000007fefd71f000 	C:\Windows\system32\msvcrt.dll
0x000007fefd720000 - 0x000007fefd73f000 	C:\Windows\SYSTEM32\sechost.dll
0x000007fefd550000 - 0x000007fefd67d000 	C:\Windows\system32\RPCRT4.dll
0x0000000076e30000 - 0x0000000076f2a000 	C:\Windows\system32\USER32.dll
0x000007fefeb10000 - 0x000007fefeb77000 	C:\Windows\system32\GDI32.dll
0x000007fefd540000 - 0x000007fefd54e000 	C:\Windows\system32\LPK.dll
0x000007fefe4d0000 - 0x000007fefe59a000 	C:\Windows\system32\USP10.dll
0x000007fefb7f0000 - 0x000007fefb9e4000 	C:\Windows\WinSxS\amd64_microsoft.windows.common-controls_6595b64144ccf1df_6.0.7601.18837_none_fa3b1e3d17594757\COMCTL32.dll
0x000007fefe980000 - 0x000007fefe9f1000 	C:\Windows\system32\SHLWAPI.dll
0x000007fefe5a0000 - 0x000007fefe5ce000 	C:\Windows\system32\IMM32.DLL
0x000007fefea00000 - 0x000007fefeb09000 	C:\Windows\system32\MSCTF.dll
0x00000000796f0000 - 0x00000000797c2000 	D:\Program Files\Java\bin\msvcr100.dll
0x0000000055df0000 - 0x000000005664a000 	D:\Program Files\Java\bin\server\jvm.dll
0x000007fef8430000 - 0x000007fef8439000 	C:\Windows\system32\WSOCK32.dll
0x000007fefed10000 - 0x000007fefed5d000 	C:\Windows\system32\WS2_32.dll
0x000007fefec00000 - 0x000007fefec08000 	C:\Windows\system32\NSI.dll
0x000007fefac60000 - 0x000007fefac9b000 	C:\Windows\system32\WINMM.dll
0x0000000077210000 - 0x0000000077217000 	C:\Windows\system32\PSAPI.DLL
0x000000006cef0000 - 0x000000006ceff000 	D:\Program Files\Java\bin\verify.dll
0x0000000068950000 - 0x0000000068978000 	D:\Program Files\Java\bin\java.dll
0x0000000069aa0000 - 0x0000000069ab6000 	D:\Program Files\Java\bin\zip.dll
0x000007fefd740000 - 0x000007fefe4c9000 	C:\Windows\system32\SHELL32.dll
0x000007fefd330000 - 0x000007fefd533000 	C:\Windows\system32\ole32.dll
0x000007fefcda0000 - 0x000007fefcdaf000 	C:\Windows\system32\profapi.dll
0x00000000689d0000 - 0x00000000689ea000 	D:\Program Files\Java\bin\net.dll
0x000007fefc530000 - 0x000007fefc585000 	C:\Windows\system32\mswsock.dll
0x000007fefc520000 - 0x000007fefc527000 	C:\Windows\System32\wship6.dll
0x0000000180000000 - 0x0000000180025000 	D:\Program Files\UHFDemo\RFID\libs\rxtxSerial.dll
0x000007feeae60000 - 0x000007feeaf85000 	C:\Windows\system32\dbghelp.dll

VM Arguments:
jvm_args: -Djava.library.path=D:\Program Files\UHFDemo\RFID\libs -Dfile.encoding=UTF-8 
java_command: com.main.test.Test
java_class_path (initial): D:\Program Files\UHFDemo\RFID\bin;D:\Program Files\UHFDemo\RFID\lib\RXTXcomm.jar
Launcher Type: SUN_STANDARD

Environment Variables:
JAVA_HOME=D:\Program Files\Java\jdk1.8.0_25
PATH=D:/Program Files/Java/bin/server;D:/Program Files/Java/bin;D:/Program Files/Java/lib/amd64;C:\ProgramData\Oracle\Java\javapath;D:\Program Files\Java\jdk1.8.0_25\bin;C:\Windows\system32;C:\Windows;C:\Windows\System32\Wbem;C:\Windows\System32\WindowsPowerShell\v1.0\;D:\Users\Administrator\AppData\Local\Android\sdk\platform-tools;;D:\Git\cmd;D:\UltraEdit;C:\Users\Administrator\Downloads\android-ndk-r10d;D:\Mysql5.6win32\mysql-5.6.24-win32\bin;D:\qt\5.7\winrt_x86_msvc2015\bin;D:\win32com.dll;C:\Program Files\nodejs\;C:\Program Files\nodejs\node_modules;C:\Python27;C:\Program Files (x86)\Skype\Phone\;C:\Program Files\IDM Computer Solutions\UltraEdit;C:\Program Files\IDM Computer Solutions\UltraCompare;D:\babun\.babun;C:\Users\Administrator\AppData\Roaming\npm;D:\Program Files\adt-bundle-windows-x64-eclipse\eclipse;
USERNAME=Administrator
OS=Windows_NT
PROCESSOR_IDENTIFIER=Intel64 Family 6 Model 60 Stepping 3, GenuineIntel



---------------  S Y S T E M  ---------------

OS: Windows 7 , 64 bit Build 7601 Service Pack 1

CPU:total 2 (2 cores per cpu, 1 threads per core) family 6 model 60 stepping 3, cmov, cx8, fxsr, mmx, sse, sse2, sse3, ssse3, sse4.1, sse4.2, popcnt, clmul, erms, lzcnt, tsc, tscinvbit

Memory: 4k page, physical 3886116k(481144k free), swap 13811472k(4675636k free)

vm_info: Java HotSpot(TM) 64-Bit Server VM (25.25-b02) for windows-amd64 JRE (1.8.0_25-b18), built on Oct  7 2014 14:25:37 by "java_re" with MS VC++ 10.0 (VS2010)

time: Fri Nov 10 11:12:27 2017
elapsed time: 827 seconds (0d 0h 13m 47s)

